Assembler report for toplevel
<<<<<<< HEAD:our_processor/output_files/toplevel.asm.rpt
Wed May 20 17:50:19 2020
=======
Tue May 19 22:07:55 2020
>>>>>>> c21951f9201d9c641aa52584307341befd7b038e:our processor/output_files/toplevel.asm.rpt
Quartus Prime Version 19.1.0 Build 670 09/22/2019 SJ Lite Edition


---------------------
; Table of Contents ;
---------------------
  1. Legal Notice
  2. Assembler Summary
  3. Assembler Settings
  4. Assembler Generated Files
  5. Assembler Device Options: C:/141L-Lab-2/our_processor/output_files/toplevel.sof
  6. Assembler Messages



----------------
; Legal Notice ;
----------------
Copyright (C) 2019  Intel Corporation. All rights reserved.
Your use of Intel Corporation's design tools, logic functions 
and other software and tools, and any partner logic 
functions, and any output files from any of the foregoing 
(including device programming or simulation files), and any 
associated documentation or information are expressly subject 
to the terms and conditions of the Intel Program License 
Subscription Agreement, the Intel Quartus Prime License Agreement,
the Intel FPGA IP License Agreement, or other applicable license
agreement, including, without limitation, that your use is for
the sole purpose of programming logic devices manufactured by
Intel and sold by Intel or its authorized distributors.  Please
refer to the applicable agreement for further details, at
https://fpgasoftware.intel.com/eula.



+---------------------------------------------------------------+
; Assembler Summary                                             ;
+-----------------------+---------------------------------------+
<<<<<<< HEAD:our_processor/output_files/toplevel.asm.rpt
; Assembler Status      ; Successful - Wed May 20 17:50:19 2020 ;
=======
; Assembler Status      ; Successful - Tue May 19 22:07:55 2020 ;
>>>>>>> c21951f9201d9c641aa52584307341befd7b038e:our processor/output_files/toplevel.asm.rpt
; Revision Name         ; toplevel                              ;
; Top-level Entity Name ; toplevel                              ;
; Family                ; Cyclone IV E                          ;
; Device                ; EP4CE6E22C6                           ;
+-----------------------+---------------------------------------+


+----------------------------------+
; Assembler Settings               ;
+--------+---------+---------------+
; Option ; Setting ; Default Value ;
+--------+---------+---------------+


+-------------------------------------------------------+
; Assembler Generated Files                             ;
+-------------------------------------------------------+
; File Name                                             ;
+-------------------------------------------------------+
; C:/141L-Lab-2/our_processor/output_files/toplevel.sof ;
+-------------------------------------------------------+


+---------------------------------------------------------------------------------+
; Assembler Device Options: C:/141L-Lab-2/our_processor/output_files/toplevel.sof ;
+----------------+----------------------------------------------------------------+
; Option         ; Setting                                                        ;
+----------------+----------------------------------------------------------------+
; JTAG usercode  ; 0x00092D2D                                                     ;
; Checksum       ; 0x00092D2D                                                     ;
+----------------+----------------------------------------------------------------+


+--------------------+
; Assembler Messages ;
+--------------------+
Info: *******************************************************************
Info: Running Quartus Prime Assembler
    Info: Version 19.1.0 Build 670 09/22/2019 SJ Lite Edition
<<<<<<< HEAD:our_processor/output_files/toplevel.asm.rpt
    Info: Processing started: Wed May 20 17:50:18 2020
=======
    Info: Processing started: Tue May 19 22:07:54 2020
>>>>>>> c21951f9201d9c641aa52584307341befd7b038e:our processor/output_files/toplevel.asm.rpt
Info: Command: quartus_asm --read_settings_files=off --write_settings_files=off cpu -c toplevel
Warning (18236): Number of processors has not been specified which may cause overloading on shared machines.  Set the global assignment NUM_PARALLEL_PROCESSORS in your QSF to an appropriate value for best performance.
Info (115031): Writing out detailed assembly data for power analysis
Info (115030): Assembler is generating device programming files
Info: Quartus Prime Assembler was successful. 0 errors, 1 warning
    Info: Peak virtual memory: 4686 megabytes
<<<<<<< HEAD:our_processor/output_files/toplevel.asm.rpt
    Info: Processing ended: Wed May 20 17:50:19 2020
=======
    Info: Processing ended: Tue May 19 22:07:55 2020
>>>>>>> c21951f9201d9c641aa52584307341befd7b038e:our processor/output_files/toplevel.asm.rpt
    Info: Elapsed time: 00:00:01
    Info: Total CPU time (on all processors): 00:00:01


